
  .   ____          _            __ _ _
 /\\ / ___'_ __ _ _(_)_ __  __ _ \ \ \ \
( ( )\___ | '_ | '_| | '_ \/ _` | \ \ \ \
 \\/  ___)| |_)| | | | | || (_| |  ) ) ) )
  '  |____| .__|_| |_|_| |_\__, | / / / /
 =========|_|==============|___/=/_/_/_/
 :: Spring Boot ::               (v2.7.18)

2025-05-31 21:54:20.186  INFO 170329 --- [           main] c.e.E.ExpenseTrackerApplication          : Starting ExpenseTrackerApplication v0.0.1-SNAPSHOT using Java 21.0.7 on vishn with PID 170329 (/home/vishn/Documents/4/OOPS/SPRINGBOOT/ExpenseTracker-React-Springboot/target/ExpenseTracker-0.0.1-SNAPSHOT.jar started by vishn in /home/vishn/Documents/4/OOPS/SPRINGBOOT/ExpenseTracker-React-Springboot)
2025-05-31 21:54:20.204  INFO 170329 --- [           main] c.e.E.ExpenseTrackerApplication          : No active profile set, falling back to 1 default profile: "default"
2025-05-31 21:54:23.440  INFO 170329 --- [           main] .s.d.r.c.RepositoryConfigurationDelegate : Bootstrapping Spring Data JPA repositories in DEFAULT mode.
2025-05-31 21:54:23.489  INFO 170329 --- [           main] .s.d.r.c.RepositoryConfigurationDelegate : Finished Spring Data repository scanning in 35 ms. Found 3 JPA repository interfaces.
2025-05-31 21:54:24.820  INFO 170329 --- [           main] o.s.b.w.embedded.tomcat.TomcatWebServer  : Tomcat initialized with port(s): 8080 (http)
2025-05-31 21:54:24.828  INFO 170329 --- [           main] o.apache.catalina.core.StandardService   : Starting service [Tomcat]
2025-05-31 21:54:24.828  INFO 170329 --- [           main] org.apache.catalina.core.StandardEngine  : Starting Servlet engine: [Apache Tomcat/9.0.83]
2025-05-31 21:54:24.941  INFO 170329 --- [           main] o.a.c.c.C.[Tomcat].[localhost].[/]       : Initializing Spring embedded WebApplicationContext
2025-05-31 21:54:24.941  INFO 170329 --- [           main] w.s.c.ServletWebServerApplicationContext : Root WebApplicationContext: initialization completed in 4461 ms
2025-05-31 21:54:25.000  INFO 170329 --- [           main] com.zaxxer.hikari.HikariDataSource       : HikariPool-1 - Starting...
2025-05-31 21:54:25.304  INFO 170329 --- [           main] com.zaxxer.hikari.HikariDataSource       : HikariPool-1 - Start completed.
2025-05-31 21:54:25.313  INFO 170329 --- [           main] o.s.b.a.h2.H2ConsoleAutoConfiguration    : H2 console available at '/h2-console'. Database available at 'jdbc:h2:mem:testdb'
2025-05-31 21:54:25.662  INFO 170329 --- [           main] o.hibernate.jpa.internal.util.LogHelper  : HHH000204: Processing PersistenceUnitInfo [name: default]
2025-05-31 21:54:25.879  INFO 170329 --- [           main] org.hibernate.Version                    : HHH000412: Hibernate ORM core version 5.6.15.Final
2025-05-31 21:54:26.632  INFO 170329 --- [           main] o.hibernate.annotations.common.Version   : HCANN000001: Hibernate Commons Annotations {5.1.2.Final}
2025-05-31 21:54:26.922  INFO 170329 --- [           main] org.hibernate.dialect.Dialect            : HHH000400: Using dialect: org.hibernate.dialect.H2Dialect
Hibernate: drop table if exists app_user CASCADE 
Hibernate: drop table if exists category CASCADE 
Hibernate: drop table if exists expense CASCADE 
Hibernate: drop table if exists transaction CASCADE 
Hibernate: drop sequence if exists category_sequence
Hibernate: drop sequence if exists transaction_sequence
Hibernate: drop sequence if exists user_sequence
Hibernate: create sequence category_sequence start with 4 increment by 1
Hibernate: create sequence transaction_sequence start with 1 increment by 1
Hibernate: create sequence user_sequence start with 4 increment by 1
Hibernate: create table app_user (id bigint not null, email varchar(255) not null, is_admin boolean not null, name varchar(255) not null, primary key (id))
Hibernate: create table category (id bigint not null, name varchar(255) not null, primary key (id))
Hibernate: create table expense (amount double not null, date date not null, location varchar(255), id bigint not null, category_id bigint not null, user_id bigint not null, primary key (id))
Hibernate: create table transaction (id bigint not null, description varchar(255) not null, primary key (id))
Hibernate: alter table app_user add constraint UK_1j9d9a06i600gd43uu3km82jw unique (email)
Hibernate: alter table category add constraint UK_46ccwnsi9409t36lurvtyljak unique (name)
Hibernate: alter table expense add constraint FKmvjm59reb5i075vu38bwcaqj6 foreign key (category_id) references category
Hibernate: alter table expense add constraint FK18n87d1yx5s1pr35h5vy9gycr foreign key (user_id) references app_user
Hibernate: alter table expense add constraint FKpjkh4g79gl5arx0oyjdy63ymy foreign key (id) references transaction
2025-05-31 21:54:29.941  INFO 170329 --- [           main] o.h.e.t.j.p.i.JtaPlatformInitiator       : HHH000490: Using JtaPlatform implementation: [org.hibernate.engine.transaction.jta.platform.internal.NoJtaPlatform]
2025-05-31 21:54:29.978  INFO 170329 --- [           main] j.LocalContainerEntityManagerFactoryBean : Initialized JPA EntityManagerFactory for persistence unit 'default'
2025-05-31 21:54:32.285  WARN 170329 --- [           main] JpaBaseConfiguration$JpaWebConfiguration : spring.jpa.open-in-view is enabled by default. Therefore, database queries may be performed during view rendering. Explicitly configure spring.jpa.open-in-view to disable this warning
2025-05-31 21:54:32.768  INFO 170329 --- [           main] o.s.b.a.w.s.WelcomePageHandlerMapping    : Adding welcome page: class path resource [static/index.html]
2025-05-31 21:54:32.950  INFO 170329 --- [           main] o.s.b.w.embedded.tomcat.TomcatWebServer  : Tomcat started on port(s): 8080 (http) with context path ''
2025-05-31 21:54:32.966  INFO 170329 --- [           main] c.e.E.ExpenseTrackerApplication          : Started ExpenseTrackerApplication in 14.989 seconds (JVM running for 16.824)
2025-05-31 21:55:01.286  INFO 170329 --- [nio-8080-exec-1] o.a.c.c.C.[Tomcat].[localhost].[/]       : Initializing Spring DispatcherServlet 'dispatcherServlet'
2025-05-31 21:55:01.287  INFO 170329 --- [nio-8080-exec-1] o.s.web.servlet.DispatcherServlet        : Initializing Servlet 'dispatcherServlet'
2025-05-31 21:55:01.295  INFO 170329 --- [nio-8080-exec-1] o.s.web.servlet.DispatcherServlet        : Completed initialization in 7 ms
Hibernate: select category0_.id as id1_1_, category0_.name as name2_1_ from category category0_
Hibernate: select expense0_.id as id1_3_, expense0_1_.description as descript2_3_, expense0_.amount as amount1_2_, expense0_.category_id as category5_2_, expense0_.date as date2_2_, expense0_.location as location3_2_, expense0_.user_id as user_id6_2_ from expense expense0_ inner join transaction expense0_1_ on expense0_.id=expense0_1_.id left outer join app_user user1_ on expense0_.user_id=user1_.id where user1_.id=?
Hibernate: select user0_.id as id1_0_, user0_.email as email2_0_, user0_.is_admin as is_admin3_0_, user0_.name as name4_0_ from app_user user0_
Hibernate: select expense0_.id as id1_3_, expense0_1_.description as descript2_3_, expense0_.amount as amount1_2_, expense0_.category_id as category5_2_, expense0_.date as date2_2_, expense0_.location as location3_2_, expense0_.user_id as user_id6_2_ from expense expense0_ inner join transaction expense0_1_ on expense0_.id=expense0_1_.id
Hibernate: select category0_.id as id1_1_0_, category0_.name as name2_1_0_ from category category0_ where category0_.id=?
Hibernate: select category0_.id as id1_1_0_, category0_.name as name2_1_0_ from category category0_ where category0_.id=?
Hibernate: select category0_.id as id1_1_0_, category0_.name as name2_1_0_ from category category0_ where category0_.id=?
Hibernate: select category0_.id as id1_1_, category0_.name as name2_1_ from category category0_
Hibernate: select expense0_.id as id1_3_, expense0_1_.description as descript2_3_, expense0_.amount as amount1_2_, expense0_.category_id as category5_2_, expense0_.date as date2_2_, expense0_.location as location3_2_, expense0_.user_id as user_id6_2_ from expense expense0_ inner join transaction expense0_1_ on expense0_.id=expense0_1_.id left outer join app_user user1_ on expense0_.user_id=user1_.id where user1_.id=?
Hibernate: select user0_.id as id1_0_, user0_.email as email2_0_, user0_.is_admin as is_admin3_0_, user0_.name as name4_0_ from app_user user0_ where user0_.email=? and user0_.name=?
Hibernate: select user0_.id as id1_0_, user0_.email as email2_0_, user0_.is_admin as is_admin3_0_, user0_.name as name4_0_ from app_user user0_ where user0_.email=? and user0_.name=?
2025-05-31 21:57:41.243  INFO 170329 --- [ionShutdownHook] j.LocalContainerEntityManagerFactoryBean : Closing JPA EntityManagerFactory for persistence unit 'default'
2025-05-31 21:57:41.244  INFO 170329 --- [ionShutdownHook] .SchemaDropperImpl$DelayedDropActionImpl : HHH000477: Starting delayed evictData of schema as part of SessionFactory shut-down'
Hibernate: drop table if exists app_user CASCADE 
Hibernate: drop table if exists category CASCADE 
Hibernate: drop table if exists expense CASCADE 
Hibernate: drop table if exists transaction CASCADE 
Hibernate: drop sequence if exists category_sequence
Hibernate: drop sequence if exists transaction_sequence
Hibernate: drop sequence if exists user_sequence
2025-05-31 21:57:41.412  INFO 170329 --- [ionShutdownHook] com.zaxxer.hikari.HikariDataSource       : HikariPool-1 - Shutdown initiated...
2025-05-31 21:57:41.417  INFO 170329 --- [ionShutdownHook] com.zaxxer.hikari.HikariDataSource       : HikariPool-1 - Shutdown completed.
